<?xml version="1.0" encoding="UTF-8"?>
<!-- Generated by org.testng.reporters.JUnitXMLReporter -->
<testsuite ignored="0" hostname="Olesias-MBP.lan" failures="0" tests="2" name="Error Validation Test" time="30.263" errors="0" timestamp="2024-03-03T23:19:43 EST">
  <testcase classname="org.company.Android.eCommerce_tc_3" name="fillForm_ErrorValidation" time="9.33"/>
  <testcase classname="org.company.Android.eCommerce_tc_3" name="fillForm_PositiveFlow" time="15.784"/>
</testsuite> <!-- Error Validation Test -->
