<?xml version="1.0" encoding="UTF-8"?>
<!-- Generated by org.testng.reporters.JUnitXMLReporter -->
<testsuite ignored="0" hostname="Olesias-MBP.lan" failures="1" tests="2" name="Error Validation Test" time="30.085" errors="0" timestamp="2024-02-27T12:52:27 EST">
  <testcase classname="org.company.Android.eCommerce_tc_3" name="fillForm_ErrorValidation" time="9.308">
    <failure type="java.lang.AssertionError" message="expected:&amp;lt;Please enter your name&amp;gt; but was:&amp;lt;Please yourname&amp;gt;">
      <![CDATA[java.lang.AssertionError: expected:<Please enter your name> but was:<Please yourname>
at org.company.Android.eCommerce_tc_3.fillForm_ErrorValidation(eCommerce_tc_3.java:49)
at java.base/java.util.ArrayList.forEach(ArrayList.java:1511)
... Removed 29 stack frames]]>
    </failure>
  </testcase> <!-- fillForm_ErrorValidation -->
  <testcase classname="org.company.Android.eCommerce_tc_3" name="fillForm_PositiveFlow" time="15.823"/>
</testsuite> <!-- Error Validation Test -->
